TN:
SF:core.ts
FNF:0
FNH:0
DA:1,1
DA:3,1
DA:4,1
DA:5,1
DA:6,1
DA:7,1
DA:8,1
DA:9,1
LF:8
LH:8
BRF:0
BRH:0
end_of_record
TN:
SF:src\Constants.ts
FN:6,getPackageJson
FNF:1
FNH:1
FNDA:2,getPackageJson
DA:2,1
DA:3,1
DA:6,1
DA:10,2
DA:13,2
DA:14,2
DA:19,2
DA:20,1
DA:21,1
DA:22,1
DA:25,0
DA:28,1
DA:31,1
DA:32,1
DA:33,1
DA:34,1
DA:35,1
DA:36,1
DA:37,1
DA:38,1
DA:39,1
DA:42,1
DA:54,1
DA:64,1
DA:73,1
DA:83,1
LF:26
LH:25
BRDA:8,0,0,1
BRDA:10,1,0,1
BRDA:10,1,1,1
BRDA:19,2,0,1
BRDA:19,2,1,1
BRDA:21,3,0,1
BRDA:21,3,1,0
BRF:7
BRH:6
end_of_record
TN:
SF:src\Helpers.ts
FN:11,getReportNode
FN:43,parseHeaderString
FN:55,(anonymous_2)
FN:62,(anonymous_3)
FN:89,getProtocol
FN:98,isNullOrUndefined
FN:103,isSMime
FN:111,canonicalTransform
FN:125,signingOptions
FN:130,encryptionOptions
FN:137,agreementOptions
FN:162,request
FN:165,(anonymous_12)
FN:175,(anonymous_13)
FN:184,(anonymous_14)
FN:187,(anonymous_15)
FN:188,(anonymous_16)
FN:189,(anonymous_17)
FN:194,(anonymous_18)
FN:195,json
FN:206,(anonymous_20)
FN:207,(anonymous_21)
FN:208,(anonymous_22)
FNF:23
FNH:19
FNDA:4,getReportNode
FNDA:6,parseHeaderString
FNDA:18,(anonymous_2)
FNDA:28,(anonymous_3)
FNDA:2,getProtocol
FNDA:1066,isNullOrUndefined
FNDA:86,isSMime
FNDA:19,canonicalTransform
FNDA:4,signingOptions
FNDA:9,encryptionOptions
FNDA:3,agreementOptions
FNDA:1,request
FNDA:1,(anonymous_12)
FNDA:0,(anonymous_13)
FNDA:1,(anonymous_14)
FNDA:1,(anonymous_15)
FNDA:0,(anonymous_16)
FNDA:1,(anonymous_17)
FNDA:1,(anonymous_18)
FNDA:0,json
FNDA:0,(anonymous_20)
FNDA:1,(anonymous_21)
FNDA:1,(anonymous_22)
DA:1,1
DA:2,1
DA:4,1
DA:9,1
DA:11,1
DA:12,4
DA:14,3
DA:18,2
DA:20,1
DA:21,1
DA:43,1
DA:48,6
DA:50,6
DA:51,5
DA:52,2
DA:53,2
DA:55,18
DA:58,5
DA:62,28
DA:65,5
DA:66,28
DA:67,28
DA:72,28
DA:74,28
DA:75,26
DA:76,2
DA:77,1
DA:79,1
DA:83,5
DA:89,1
DA:90,2
DA:91,1
DA:94,1
DA:98,1
DA:99,1066
DA:103,1
DA:104,86
DA:111,1
DA:112,19
DA:114,19
DA:118,1
DA:121,19
DA:125,1
DA:126,4
DA:130,1
DA:133,9
DA:137,1
DA:140,3
DA:141,3
DA:143,3
DA:162,1
DA:165,1
DA:166,1
DA:167,1
DA:168,1
DA:169,1
DA:170,1
DA:171,1
DA:172,1
DA:173,1
DA:174,1
DA:175,1
DA:176,0
DA:177,0
DA:180,1
DA:181,1
DA:185,1
DA:187,1
DA:188,1
DA:189,1
DA:190,1
DA:191,1
DA:192,1
DA:193,1
DA:194,1
DA:195,1
DA:196,0
DA:197,0
DA:199,0
DA:202,1
DA:206,1
DA:207,1
DA:208,1
DA:210,1
DA:211,1
DA:213,0
LF:86
LH:80
BRDA:12,0,0,1
BRDA:12,0,1,3
BRDA:14,1,0,2
BRDA:14,1,1,1
BRDA:15,2,0,3
BRDA:15,2,1,2
BRDA:20,3,0,1
BRDA:20,3,1,0
BRDA:45,4,0,3
BRDA:50,5,0,1
BRDA:50,5,1,5
BRDA:51,6,0,2
BRDA:51,6,1,3
BRDA:55,7,0,3
BRDA:55,7,1,2
BRDA:72,8,0,3
BRDA:72,8,1,25
BRDA:74,9,0,26
BRDA:74,9,1,2
BRDA:76,10,0,1
BRDA:76,10,1,1
BRDA:90,11,0,1
BRDA:90,11,1,1
BRDA:90,12,0,2
BRDA:90,12,1,2
BRDA:99,13,0,1066
BRDA:99,13,1,449
BRDA:105,14,0,86
BRDA:105,14,1,62
BRDA:114,15,0,1
BRDA:114,15,1,18
BRDA:115,16,0,19
BRDA:115,16,1,1
BRDA:147,17,0,0
BRDA:147,17,1,3
BRDA:151,18,0,0
BRDA:151,18,1,3
BRDA:170,19,0,0
BRDA:170,19,1,1
BRDA:171,20,0,1
BRDA:171,20,1,0
BRDA:174,21,0,1
BRDA:174,21,1,0
BRDA:175,22,0,1
BRDA:175,22,1,1
BRDA:176,23,0,0
BRDA:176,23,1,0
BRF:47
BRH:39
end_of_record
TN:
SF:src\Interfaces.ts
FNF:0
FNH:0
LF:0
LH:0
BRF:0
BRH:0
end_of_record
TN:
SF:src\AS2Composer\AS2Composer.ts
FN:46,(anonymous_0)
FN:64,(anonymous_1)
FN:71,(anonymous_2)
FN:136,(anonymous_3)
FN:166,(anonymous_4)
FNF:5
FNH:5
FNDA:3,(anonymous_0)
FNDA:3,(anonymous_1)
FNDA:7,(anonymous_2)
FNDA:2,(anonymous_3)
FNDA:1,(anonymous_4)
DA:6,1
DA:7,1
DA:13,1
DA:45,1
DA:47,3
DA:48,3
DA:49,3
DA:50,3
DA:65,3
DA:72,7
DA:79,3
DA:81,3
DA:82,20
DA:84,20
DA:86,3
DA:87,3
DA:89,3
DA:90,3
DA:92,3
DA:93,3
DA:95,3
DA:97,3
DA:99,3
DA:100,3
DA:101,3
DA:106,3
DA:107,2
DA:112,3
DA:114,2
DA:115,2
DA:119,3
DA:121,4
DA:122,1
DA:124,3
DA:125,3
DA:126,6
DA:137,2
DA:138,2
DA:139,2
DA:141,2
DA:142,2
DA:144,2
DA:148,2
DA:150,2
DA:154,2
DA:157,2
DA:159,2
DA:167,1
DA:168,1
DA:170,1
DA:171,1
DA:175,1
LF:52
LH:52
BRDA:72,0,0,3
BRDA:72,0,1,4
BRDA:73,1,0,7
BRDA:73,1,1,3
BRDA:85,2,0,3
BRDA:85,2,1,3
BRDA:85,2,2,3
BRDA:85,2,3,3
BRDA:85,2,4,2
BRDA:99,3,0,3
BRDA:99,3,1,0
BRDA:106,4,0,2
BRDA:106,4,1,1
BRDA:121,5,0,1
BRDA:121,5,1,3
BRDA:138,6,0,2
BRDA:138,6,1,0
BRDA:141,7,0,2
BRDA:141,7,1,0
BRDA:144,8,0,2
BRDA:144,8,1,0
BRDA:145,9,0,2
BRDA:145,9,1,0
BRDA:150,10,0,2
BRDA:150,10,1,0
BRDA:151,11,0,2
BRDA:151,11,1,0
BRDA:167,12,0,1
BRDA:167,12,1,0
BRF:29
BRH:21
end_of_record
TN:
SF:src\AS2Composer\Interfaces.ts
FNF:0
FNH:0
LF:0
LH:0
BRF:0
BRH:0
end_of_record
TN:
SF:src\AS2Composer\index.ts
FNF:0
FNH:0
DA:1,1
LF:1
LH:1
BRF:0
BRH:0
end_of_record
TN:
SF:src\AS2Crypto\AS2Crypto.ts
FN:55,(anonymous_0)
FN:66,(anonymous_1)
FN:77,(anonymous_2)
FN:81,(anonymous_3)
FN:90,(anonymous_4)
FN:109,(anonymous_5)
FN:138,(anonymous_6)
FN:164,(anonymous_7)
FN:216,(anonymous_8)
FN:226,(anonymous_9)
FNF:10
FNH:10
FNDA:15,(anonymous_0)
FNDA:11,(anonymous_1)
FNDA:9,(anonymous_2)
FNDA:45,(anonymous_3)
FNDA:4,(anonymous_4)
FNDA:3,(anonymous_5)
FNDA:7,(anonymous_6)
FNDA:5,(anonymous_7)
FNDA:1,(anonymous_8)
FNDA:1,(anonymous_9)
DA:1,1
DA:7,1
DA:8,1
DA:9,1
DA:16,1
DA:17,1
DA:18,1
DA:19,1
DA:54,1
DA:56,15
DA:67,11
DA:69,11
DA:78,9
DA:80,9
DA:81,45
DA:94,4
DA:97,4
DA:98,4
DA:99,3
DA:101,3
DA:113,3
DA:114,3
DA:119,3
DA:121,3
DA:122,3
DA:123,3
DA:128,3
DA:130,3
DA:142,7
DA:143,6
DA:144,6
DA:147,6
DA:150,6
DA:151,0
DA:154,6
DA:156,6
DA:168,5
DA:172,5
DA:176,5
DA:178,5
DA:179,6
DA:181,6
DA:183,1
DA:184,1
DA:185,1
DA:186,1
DA:189,5
DA:191,5
DA:195,5
DA:196,5
DA:202,5
DA:210,5
DA:220,1
DA:230,1
LF:54
LH:53
BRDA:57,0,0,6
BRDA:57,0,1,8
BRDA:70,1,0,11
BRDA:70,1,1,0
BRDA:95,2,0,4
BRDA:95,2,1,0
BRDA:145,3,0,6
BRDA:145,3,1,0
BRDA:150,4,0,0
BRDA:150,4,1,6
BRDA:181,5,0,5
BRDA:181,5,1,1
BRF:12
BRH:8
end_of_record
TN:
SF:src\AS2Crypto\AS2EnvelopedData.ts
FN:11,(anonymous_0)
FN:40,(anonymous_1)
FN:47,(anonymous_2)
FN:57,(anonymous_3)
FN:81,(anonymous_4)
FN:101,(anonymous_5)
FNF:6
FNH:5
FNDA:7,(anonymous_0)
FNDA:7,(anonymous_1)
FNDA:0,(anonymous_2)
FNDA:3,(anonymous_3)
FNDA:3,(anonymous_4)
FNDA:4,(anonymous_5)
DA:1,1
DA:2,1
DA:3,1
DA:4,1
DA:5,1
DA:8,1
DA:10,1
DA:12,7
DA:22,7
DA:23,4
DA:24,4
DA:25,4
DA:28,4
DA:32,3
DA:33,3
DA:41,7
DA:42,7
DA:44,7
DA:48,0
DA:50,0
DA:51,0
DA:54,0
DA:58,3
DA:60,3
DA:62,3
DA:67,0
DA:72,0
DA:77,0
DA:82,3
DA:83,3
DA:85,3
DA:86,3
DA:91,3
DA:95,3
DA:96,3
DA:98,3
DA:102,4
DA:103,4
DA:104,4
DA:109,3
LF:40
LH:33
BRDA:11,0,0,3
BRDA:22,1,0,4
BRDA:22,1,1,3
BRDA:50,2,0,0
BRDA:50,2,1,0
BRDA:61,3,0,3
BRDA:61,3,1,0
BRDA:61,3,2,0
BRDA:61,3,3,0
BRF:9
BRH:4
end_of_record
TN:
SF:src\AS2Crypto\AS2SignedData.ts
FN:12,(anonymous_0)
FN:55,(anonymous_1)
FN:62,(anonymous_2)
FN:104,(anonymous_3)
FN:114,(anonymous_4)
FN:140,(anonymous_5)
FN:159,(anonymous_6)
FN:183,(anonymous_7)
FNF:8
FNH:8
FNDA:18,(anonymous_0)
FNDA:18,(anonymous_1)
FNDA:5,(anonymous_2)
FNDA:5,(anonymous_3)
FNDA:5,(anonymous_4)
FNDA:13,(anonymous_5)
FNDA:5,(anonymous_6)
FNDA:13,(anonymous_7)
DA:1,1
DA:2,1
DA:3,1
DA:4,1
DA:5,1
DA:6,1
DA:7,1
DA:9,1
DA:11,1
DA:13,18
DA:23,18
DA:25,18
DA:26,5
DA:35,13
DA:36,13
DA:37,13
DA:40,13
DA:56,18
DA:57,18
DA:59,18
DA:66,5
DA:67,5
DA:101,5
DA:105,5
DA:107,5
DA:108,0
DA:111,5
DA:115,5
DA:116,5
DA:117,5
DA:118,5
DA:119,5
DA:123,5
DA:124,5
DA:127,5
DA:128,5
DA:135,5
DA:137,5
DA:141,13
DA:142,13
DA:144,13
DA:145,13
DA:147,13
DA:151,9
DA:156,4
DA:165,5
DA:167,5
DA:168,0
DA:169,0
DA:173,5
DA:177,5
DA:178,5
DA:180,5
DA:184,13
DA:186,13
DA:187,4
DA:190,9
LF:57
LH:54
BRDA:25,0,0,5
BRDA:25,0,1,13
BRDA:107,1,0,0
BRDA:107,1,1,5
BRDA:115,2,0,1
BRDA:115,2,1,4
BRDA:123,3,0,5
BRDA:123,3,1,0
BRDA:141,4,0,13
BRDA:141,4,1,0
BRDA:147,5,0,9
BRDA:147,5,1,4
BRDA:148,6,0,13
BRDA:148,6,1,9
BRDA:167,7,0,0
BRDA:167,7,1,5
BRDA:186,8,0,4
BRDA:186,8,1,9
BRDA:186,9,0,13
BRDA:186,9,1,13
BRDA:191,10,0,0
BRDA:191,10,1,9
BRF:22
BRH:17
end_of_record
TN:
SF:src\AS2Crypto\Interfaces.ts
FNF:0
FNH:0
LF:0
LH:0
BRF:0
BRH:0
end_of_record
TN:
SF:src\AS2Crypto\LibOid.ts
FN:4,(anonymous_0)
FN:10,(anonymous_1)
FN:16,(anonymous_2)
FN:26,(anonymous_3)
FN:30,(anonymous_4)
FN:189,(anonymous_5)
FNF:6
FNH:6
FNDA:1,(anonymous_0)
FNDA:2,(anonymous_1)
FNDA:40,(anonymous_2)
FNDA:1,(anonymous_3)
FNDA:1,(anonymous_4)
FNDA:40,(anonymous_5)
DA:1,1
DA:3,1
DA:5,1
DA:11,2
DA:13,2
DA:17,40
DA:18,1338
DA:19,39
DA:23,1
DA:27,1
DA:31,1
DA:186,1
DA:188,1
DA:190,40
DA:191,1
DA:194,39
DA:195,38
DA:197,1
LF:18
LH:18
BRDA:18,0,0,39
BRDA:18,0,1,1299
BRDA:27,1,0,1
BRDA:27,1,1,1
BRDA:190,2,0,1
BRDA:190,2,1,39
BRDA:190,3,0,40
BRDA:190,3,1,2
BRDA:194,4,0,38
BRDA:194,4,1,1
BRF:10
BRH:10
end_of_record
TN:
SF:src\AS2Crypto\PemFile.ts
FN:6,(anonymous_0)
FN:44,(anonymous_1)
FNF:2
FNH:2
FNDA:38,(anonymous_0)
FNDA:2,(anonymous_1)
DA:1,1
DA:5,1
DA:7,38
DA:8,35
DA:10,35
DA:11,1
DA:14,35
DA:15,35
DA:17,35
DA:18,8
DA:20,35
DA:21,1
DA:23,35
DA:24,26
DA:27,35
DA:28,822
DA:29,822
DA:34,717
DA:38,35
DA:45,2
DA:47,2
DA:49,2
DA:50,1
DA:53,2
DA:57,1
LF:25
LH:25
BRDA:7,0,0,3
BRDA:7,0,1,35
BRDA:7,1,0,38
BRDA:7,1,1,37
BRDA:10,2,0,1
BRDA:10,2,1,34
BRDA:17,3,0,8
BRDA:17,3,1,27
BRDA:20,4,0,1
BRDA:20,4,1,34
BRDA:23,5,0,26
BRDA:23,5,1,9
BRDA:29,6,0,717
BRDA:29,6,1,105
BRDA:30,7,0,822
BRDA:30,7,1,787
BRDA:30,7,2,752
BRDA:44,8,0,1
BRDA:49,9,0,1
BRDA:49,9,1,1
BRF:20
BRH:20
end_of_record
TN:
SF:src\AS2Crypto\index.ts
FNF:0
FNH:0
DA:1,1
DA:3,1
DA:4,1
DA:5,1
DA:6,1
LF:5
LH:5
BRF:0
BRH:0
end_of_record
TN:
SF:src\AS2Disposition\AS2Disposition.ts
FN:24,toNotification
FN:29,(anonymous_1)
FN:30,(anonymous_2)
FN:34,(anonymous_3)
FN:92,(anonymous_4)
FN:108,(anonymous_5)
FN:157,(anonymous_6)
FN:186,(anonymous_7)
FN:264,(anonymous_8)
FNF:9
FNH:9
FNDA:10,toNotification
FNDA:16,(anonymous_1)
FNDA:10,(anonymous_2)
FNDA:22,(anonymous_3)
FNDA:4,(anonymous_4)
FNDA:10,(anonymous_5)
FNDA:8,(anonymous_6)
FNDA:8,(anonymous_7)
FNDA:3,(anonymous_8)
DA:1,1
DA:3,1
DA:4,1
DA:5,1
DA:24,1
DA:28,10
DA:29,16
DA:30,10
DA:31,10
DA:35,22
DA:41,10
DA:45,2
DA:46,2
DA:47,2
DA:50,4
DA:51,4
DA:52,4
DA:53,4
DA:55,2
DA:57,2
DA:58,2
DA:60,2
DA:61,2
DA:62,2
DA:63,2
DA:67,2
DA:69,2
DA:70,2
DA:71,2
DA:73,2
DA:74,0
DA:80,2
DA:83,0
DA:85,0
DA:86,0
DA:89,2
DA:90,2
DA:92,4
DA:93,2
DA:94,2
DA:95,2
DA:96,2
DA:98,0
DA:99,0
DA:100,0
DA:103,10
DA:107,1
DA:109,10
DA:111,2
DA:114,2
DA:117,2
DA:118,2
DA:120,2
DA:122,2
DA:130,2
DA:132,8
DA:133,8
DA:134,8
DA:138,8
DA:140,8
DA:142,0
DA:158,8
DA:163,8
DA:169,8
DA:175,8
DA:176,2
DA:179,8
DA:189,8
DA:190,1
DA:193,7
DA:200,7
DA:201,7
DA:202,7
DA:204,7
DA:205,1
DA:208,6
DA:209,2
DA:210,2
DA:212,1
DA:213,1
DA:214,1
DA:218,1
DA:222,6
DA:223,3
DA:224,3
DA:226,1
DA:227,1
DA:228,1
DA:232,1
DA:235,3
DA:236,1
DA:237,1
DA:238,1
DA:242,1
DA:246,6
DA:252,6
DA:253,1
DA:256,5
DA:268,3
DA:270,3
DA:271,1
DA:274,2
DA:275,2
DA:277,2
DA:278,1
DA:282,1
LF:106
LH:98
BRDA:36,0,0,10
BRDA:36,0,1,12
BRDA:42,1,0,0
BRDA:42,1,1,0
BRDA:42,1,2,2
BRDA:42,1,3,2
BRDA:42,1,4,4
BRDA:42,1,5,2
BRDA:42,1,6,2
BRDA:42,1,7,0
BRDA:62,2,0,2
BRDA:62,2,1,0
BRDA:69,3,0,2
BRDA:69,3,1,0
BRDA:69,4,0,2
BRDA:69,4,1,0
BRDA:73,5,0,0
BRDA:73,5,1,2
BRDA:83,6,0,0
BRDA:83,6,1,0
BRDA:85,7,0,0
BRDA:85,7,1,0
BRDA:86,8,0,0
BRDA:86,8,1,0
BRDA:109,9,0,2
BRDA:109,9,1,8
BRDA:117,10,0,2
BRDA:117,10,1,0
BRDA:132,11,0,8
BRDA:132,11,1,0
BRDA:132,12,0,8
BRDA:132,12,1,8
BRDA:136,13,0,1
BRDA:136,13,1,7
BRDA:139,14,0,0
BRDA:139,14,1,8
BRDA:175,15,0,2
BRDA:175,15,1,6
BRDA:189,16,0,1
BRDA:189,16,1,7
BRDA:204,17,0,1
BRDA:204,17,1,6
BRDA:208,18,0,2
BRDA:208,18,1,4
BRDA:222,19,0,3
BRDA:222,19,1,3
BRDA:222,20,0,6
BRDA:222,20,1,3
BRDA:235,21,0,1
BRDA:235,21,1,2
BRDA:235,22,0,3
BRDA:235,22,1,1
BRDA:249,23,0,1
BRDA:249,23,1,5
BRDA:252,24,0,1
BRDA:252,24,1,5
BRDA:270,25,0,1
BRDA:270,25,1,2
BRDA:274,26,0,2
BRDA:274,26,1,0
BRDA:277,27,0,1
BRDA:277,27,1,1
BRF:62
BRH:45
end_of_record
TN:
SF:src\AS2Disposition\AS2DispositionNotification.ts
FN:11,(anonymous_0)
FN:69,(anonymous_1)
FN:120,(anonymous_2)
FNF:3
FNH:3
FNDA:10,(anonymous_0)
FNDA:8,(anonymous_1)
FNDA:8,(anonymous_2)
DA:2,1
DA:3,1
DA:4,1
DA:10,1
DA:15,10
DA:21,10
DA:22,0
DA:25,10
DA:26,8
DA:29,10
DA:30,8
DA:70,8
DA:72,8
DA:73,1
DA:76,8
DA:78,8
DA:80,8
DA:85,8
DA:90,8
DA:91,1
DA:93,8
DA:108,8
DA:109,1
DA:113,8
DA:121,8
DA:122,8
DA:124,8
DA:125,36
DA:128,8
LF:29
LH:28
BRDA:13,0,0,8
BRDA:17,1,0,0
BRDA:17,1,1,10
BRDA:21,2,0,0
BRDA:21,2,1,10
BRDA:25,3,0,8
BRDA:25,3,1,2
BRDA:25,4,0,10
BRDA:25,4,1,10
BRDA:29,5,0,8
BRDA:29,5,1,2
BRDA:72,6,0,8
BRDA:72,6,1,7
BRDA:78,7,0,1
BRDA:78,7,1,7
BRDA:82,8,0,8
BRDA:82,8,1,0
BRDA:87,9,0,8
BRDA:87,9,1,0
BRDA:90,10,0,1
BRDA:90,10,1,7
BRDA:97,11,0,8
BRDA:97,11,1,0
BRDA:100,12,0,5
BRDA:100,12,1,3
BRDA:102,13,0,3
BRDA:102,13,1,5
BRDA:108,14,0,1
BRDA:108,14,1,7
BRF:29
BRH:24
end_of_record
TN:
SF:src\AS2Disposition\Interfaces.ts
FNF:0
FNH:0
LF:0
LH:0
BRF:0
BRH:0
end_of_record
TN:
SF:src\AS2Disposition\index.ts
FNF:0
FNH:0
DA:1,1
DA:2,1
LF:2
LH:2
BRF:0
BRH:0
end_of_record
TN:
SF:src\AS2MimeNode\AS2MimeNode.ts
FN:70,(anonymous_0)
FN:170,(anonymous_1)
FN:177,(anonymous_2)
FN:186,(anonymous_3)
FN:196,(anonymous_4)
FN:213,(anonymous_5)
FN:223,(anonymous_6)
FN:231,(anonymous_7)
FN:241,(anonymous_8)
FN:251,(anonymous_9)
FN:259,(anonymous_10)
FN:268,(anonymous_11)
FN:298,(anonymous_12)
FNF:13
FNH:13
FNDA:88,(anonymous_0)
FNDA:4,(anonymous_1)
FNDA:6,(anonymous_2)
FNDA:385,(anonymous_3)
FNDA:9,(anonymous_4)
FNDA:1,(anonymous_5)
FNDA:1,(anonymous_6)
FNDA:5,(anonymous_7)
FNDA:6,(anonymous_8)
FNDA:3,(anonymous_9)
FNDA:3,(anonymous_10)
FNDA:11,(anonymous_11)
FNDA:9,(anonymous_12)
DA:2,1
DA:4,1
DA:10,1
DA:17,1
DA:18,1
DA:69,1
DA:83,88
DA:85,88
DA:93,88
DA:94,88
DA:100,88
DA:102,88
DA:103,88
DA:104,88
DA:105,88
DA:106,88
DA:107,88
DA:111,0
DA:116,88
DA:117,86
DA:118,86
DA:121,86
DA:122,86
DA:123,86
DA:127,24
DA:128,50
DA:129,50
DA:131,50
DA:132,10
DA:135,50
DA:136,24
DA:141,24
DA:142,14
DA:143,14
DA:145,0
DA:149,24
DA:150,24
DA:151,24
DA:155,88
DA:171,4
DA:178,6
DA:187,385
DA:189,385
DA:197,9
DA:200,9
DA:201,0
DA:203,0
DA:206,9
DA:214,1
DA:216,1
DA:224,1
DA:232,5
DA:234,5
DA:242,6
DA:252,3
DA:260,3
DA:262,3
DA:269,11
DA:271,5
DA:272,1
DA:273,1
DA:275,1
DA:278,4
DA:279,1
DA:281,1
DA:284,3
DA:285,0
DA:287,0
DA:290,3
DA:299,9
DA:302,9
DA:304,9
LF:72
LH:66
BRDA:89,0,0,32
BRDA:89,0,1,56
BRDA:88,1,0,88
BRDA:88,1,1,44
BRDA:96,2,0,44
BRDA:96,2,1,44
BRDA:95,3,0,88
BRDA:95,3,1,44
BRDA:98,4,0,44
BRDA:98,4,1,0
BRDA:97,5,0,44
BRDA:97,5,1,0
BRDA:102,6,0,58
BRDA:102,6,1,30
BRDA:103,7,0,44
BRDA:103,7,1,44
BRDA:104,8,0,2
BRDA:104,8,1,86
BRDA:105,9,0,4
BRDA:105,9,1,84
BRDA:106,10,0,8
BRDA:106,10,1,80
BRDA:107,11,0,0
BRDA:107,11,1,88
BRDA:108,12,0,88
BRDA:108,12,1,0
BRDA:113,13,0,0
BRDA:113,13,1,0
BRDA:116,14,0,86
BRDA:116,14,1,2
BRDA:123,15,0,24
BRDA:123,15,1,62
BRDA:131,16,0,10
BRDA:131,16,1,40
BRDA:135,17,0,24
BRDA:135,17,1,26
BRDA:141,18,0,14
BRDA:141,18,1,10
BRDA:141,19,0,24
BRDA:141,19,1,10
BRDA:142,20,0,14
BRDA:142,20,1,0
BRDA:149,21,0,14
BRDA:149,21,1,10
BRDA:150,22,0,10
BRDA:150,22,1,14
BRDA:151,23,0,0
BRDA:151,23,1,24
BRDA:196,24,0,9
BRDA:200,25,0,0
BRDA:200,25,1,9
BRDA:200,26,0,9
BRDA:200,26,1,7
BRDA:214,27,0,0
BRDA:214,27,1,1
BRDA:232,28,0,2
BRDA:232,28,1,3
BRDA:243,29,0,3
BRDA:243,29,1,2
BRDA:260,30,0,2
BRDA:260,30,1,1
BRDA:269,31,0,6
BRDA:269,31,1,5
BRDA:269,32,0,11
BRDA:269,32,1,6
BRDA:271,33,0,1
BRDA:271,33,1,4
BRDA:271,34,0,5
BRDA:271,34,1,2
BRDA:278,35,0,1
BRDA:278,35,1,3
BRDA:284,36,0,0
BRDA:284,36,1,3
BRDA:300,37,0,9
BRDA:300,37,1,0
BRDA:302,38,0,0
BRDA:302,38,1,9
BRDA:302,39,0,0
BRDA:302,39,1,0
BRF:79
BRH:64
end_of_record
TN:
SF:src\AS2MimeNode\Interfaces.ts
FNF:0
FNH:0
LF:0
LH:0
BRF:0
BRH:0
end_of_record
TN:
SF:src\AS2MimeNode\index.ts
FNF:0
FNH:0
DA:1,1
LF:1
LH:1
BRF:0
BRH:0
end_of_record
TN:
SF:src\AS2Parser\AS2Parser.ts
FN:15,(anonymous_0)
FN:19,(anonymous_1)
FN:20,(anonymous_2)
FN:24,(anonymous_3)
FN:25,(anonymous_4)
FN:26,(anonymous_5)
FN:33,(anonymous_6)
FN:48,(anonymous_7)
FN:97,(anonymous_8)
FNF:9
FNH:8
FNDA:52,(anonymous_0)
FNDA:2,(anonymous_1)
FNDA:2,(anonymous_2)
FNDA:2,(anonymous_3)
FNDA:0,(anonymous_4)
FNDA:2,(anonymous_5)
FNDA:44,(anonymous_6)
FNDA:44,(anonymous_7)
FNDA:20,(anonymous_8)
DA:1,1
DA:3,1
DA:5,1
DA:14,1
DA:16,52
DA:20,2
DA:21,2
DA:22,2
DA:24,2
DA:25,2
DA:26,2
DA:28,0
DA:34,44
DA:36,44
DA:37,192
DA:38,192
DA:45,44
DA:53,44
DA:71,44
DA:73,44
DA:74,44
DA:75,44
DA:79,44
DA:80,44
DA:82,44
DA:83,44
DA:84,24
DA:86,24
DA:90,44
DA:100,20
DA:101,20
DA:105,2
DA:106,1
DA:108,2
DA:109,1
DA:111,2
DA:112,2
DA:113,1
DA:114,5
DA:117,1
DA:118,5
DA:122,2
DA:123,18
DA:124,1
DA:127,20
DA:128,20
DA:130,20
LF:47
LH:46
BRDA:16,0,0,52
BRDA:16,0,1,50
BRDA:56,1,0,30
BRDA:56,1,1,14
BRDA:62,2,0,12
BRDA:62,2,1,32
BRDA:61,3,0,44
BRDA:61,3,1,32
BRDA:66,4,0,32
BRDA:66,4,1,12
BRDA:71,5,0,20
BRDA:71,5,1,24
BRDA:77,6,0,44
BRDA:77,6,1,0
BRDA:82,7,0,44
BRDA:82,7,1,0
BRDA:101,8,0,2
BRDA:101,8,1,18
BRDA:102,9,0,20
BRDA:102,9,1,2
BRDA:105,10,0,1
BRDA:105,10,1,1
BRDA:108,11,0,1
BRDA:108,11,1,1
BRDA:112,12,0,1
BRDA:112,12,1,1
BRDA:123,13,0,1
BRDA:123,13,1,17
BRF:28
BRH:26
end_of_record
TN:
SF:src\AS2Parser\index.ts
FNF:0
FNH:0
DA:1,1
LF:1
LH:1
BRF:0
BRH:0
end_of_record
