TN:
SF:core.ts
FNF:0
FNH:0
DA:1,1
DA:2,1
DA:3,1
DA:4,1
DA:5,1
DA:6,1
DA:7,1
LF:7
LH:7
BRF:0
BRH:0
end_of_record
TN:
SF:src\Constants.ts
FNF:0
FNH:0
DA:3,1
DA:6,1
DA:7,1
DA:8,1
DA:9,1
DA:10,1
DA:11,1
DA:12,1
DA:13,1
DA:16,1
DA:29,1
DA:35,1
DA:39,1
DA:46,1
DA:53,1
DA:60,1
DA:68,1
DA:74,1
LF:18
LH:18
BRF:0
BRH:0
end_of_record
TN:
SF:src\Helpers.ts
FN:29,parseHeaderString
FN:41,(anonymous_1)
FN:48,(anonymous_2)
FN:70,getProtocol
FN:79,isNullOrUndefined
FN:83,isSMime
FN:91,canonicalTransform
FN:107,signingOptions
FN:112,encryptionOptions
FN:119,agreementOptions
FN:144,request
FN:147,(anonymous_11)
FN:158,(anonymous_12)
FN:161,(anonymous_13)
FN:162,(anonymous_14)
FN:163,(anonymous_15)
FN:169,json
FN:180,(anonymous_17)
FN:181,(anonymous_18)
FN:182,(anonymous_19)
FNF:20
FNH:17
FNDA:2,parseHeaderString
FNDA:10,(anonymous_1)
FNDA:15,(anonymous_2)
FNDA:1,getProtocol
FNDA:325,isNullOrUndefined
FNDA:38,isSMime
FNDA:13,canonicalTransform
FNDA:4,signingOptions
FNDA:9,encryptionOptions
FNDA:3,agreementOptions
FNDA:1,request
FNDA:1,(anonymous_11)
FNDA:1,(anonymous_12)
FNDA:1,(anonymous_13)
FNDA:0,(anonymous_14)
FNDA:1,(anonymous_15)
FNDA:0,json
FNDA:0,(anonymous_17)
FNDA:1,(anonymous_18)
FNDA:1,(anonymous_19)
DA:1,1
DA:2,1
DA:3,1
DA:5,1
DA:10,1
DA:29,1
DA:34,2
DA:36,2
DA:37,2
DA:38,0
DA:39,0
DA:41,10
DA:44,2
DA:48,15
DA:51,2
DA:52,15
DA:53,15
DA:54,15
DA:56,15
DA:58,15
DA:59,15
DA:60,0
DA:61,0
DA:63,0
DA:67,2
DA:70,1
DA:71,1
DA:72,1
DA:75,0
DA:79,1
DA:80,325
DA:83,1
DA:84,38
DA:91,1
DA:94,13
DA:96,13
DA:100,0
DA:103,13
DA:107,1
DA:108,4
DA:112,1
DA:115,9
DA:119,1
DA:122,3
DA:123,3
DA:125,3
DA:144,1
DA:147,1
DA:148,1
DA:149,1
DA:150,1
DA:151,1
DA:152,1
DA:153,1
DA:154,1
DA:155,1
DA:159,1
DA:161,1
DA:162,1
DA:163,1
DA:164,1
DA:165,1
DA:166,1
DA:167,1
DA:168,1
DA:169,1
DA:170,0
DA:171,0
DA:173,0
DA:176,1
DA:180,1
DA:181,1
DA:182,1
DA:184,1
DA:185,1
DA:187,0
LF:76
LH:65
BRDA:31,0,0,1
BRDA:36,1,0,0
BRDA:36,1,1,2
BRDA:37,2,0,0
BRDA:37,2,1,2
BRDA:41,3,0,1
BRDA:41,3,1,1
BRDA:56,4,0,5
BRDA:56,4,1,10
BRDA:58,5,0,15
BRDA:58,5,1,0
BRDA:60,6,0,0
BRDA:60,6,1,0
BRDA:71,7,0,1
BRDA:71,7,1,0
BRDA:71,8,0,1
BRDA:71,8,1,0
BRDA:80,9,0,325
BRDA:80,9,1,116
BRDA:85,10,0,38
BRDA:85,10,1,23
BRDA:96,11,0,0
BRDA:96,11,1,13
BRDA:97,12,0,13
BRDA:97,12,1,0
BRDA:129,13,0,0
BRDA:129,13,1,3
BRDA:133,14,0,0
BRDA:133,14,1,3
BRDA:150,15,0,1
BRDA:150,15,1,0
BRDA:153,16,0,1
BRDA:153,16,1,0
BRF:33
BRH:20
end_of_record
TN:
SF:src\Interfaces.ts
FNF:0
FNH:0
LF:0
LH:0
BRF:0
BRH:0
end_of_record
TN:
SF:src\AS2Composer\AS2Composer.ts
FN:17,(anonymous_0)
FN:32,(anonymous_1)
FN:36,(anonymous_2)
FN:98,(anonymous_3)
FN:124,(anonymous_4)
FNF:5
FNH:5
FNDA:3,(anonymous_0)
FNDA:3,(anonymous_1)
FNDA:7,(anonymous_2)
FNDA:2,(anonymous_3)
FNDA:1,(anonymous_4)
DA:6,1
DA:7,1
DA:13,1
DA:16,1
DA:18,3
DA:19,3
DA:20,3
DA:21,3
DA:33,3
DA:37,7
DA:44,3
DA:46,3
DA:47,20
DA:49,20
DA:51,3
DA:52,3
DA:54,3
DA:55,3
DA:57,3
DA:58,3
DA:60,3
DA:62,3
DA:64,3
DA:65,3
DA:66,3
DA:71,3
DA:72,2
DA:77,3
DA:79,2
DA:80,2
DA:84,3
DA:86,4
DA:87,1
DA:89,3
DA:90,3
DA:91,6
DA:99,2
DA:100,2
DA:101,2
DA:103,2
DA:104,2
DA:106,2
DA:110,2
DA:112,2
DA:116,2
DA:119,2
DA:121,2
DA:125,1
DA:126,1
DA:128,1
DA:129,1
DA:133,1
LF:52
LH:52
BRDA:37,0,0,3
BRDA:37,0,1,4
BRDA:38,1,0,7
BRDA:38,1,1,3
BRDA:50,2,0,3
BRDA:50,2,1,3
BRDA:50,2,2,3
BRDA:50,2,3,3
BRDA:50,2,4,2
BRDA:64,3,0,3
BRDA:64,3,1,0
BRDA:71,4,0,2
BRDA:71,4,1,1
BRDA:86,5,0,1
BRDA:86,5,1,3
BRDA:100,6,0,2
BRDA:100,6,1,0
BRDA:103,7,0,2
BRDA:103,7,1,0
BRDA:106,8,0,2
BRDA:106,8,1,0
BRDA:107,9,0,2
BRDA:107,9,1,0
BRDA:112,10,0,2
BRDA:112,10,1,0
BRDA:113,11,0,2
BRDA:113,11,1,0
BRDA:125,12,0,1
BRDA:125,12,1,0
BRF:29
BRH:21
end_of_record
TN:
SF:src\AS2Composer\Interfaces.ts
FNF:0
FNH:0
LF:0
LH:0
BRF:0
BRH:0
end_of_record
TN:
SF:src\AS2Composer\index.ts
FNF:0
FNH:0
DA:1,1
LF:1
LH:1
BRF:0
BRH:0
end_of_record
TN:
SF:src\AS2Crypto\AS2Crypto.ts
FN:46,(anonymous_0)
FN:55,(anonymous_1)
FN:64,(anonymous_2)
FN:68,(anonymous_3)
FN:73,(anonymous_4)
FN:99,(anonymous_5)
FN:127,(anonymous_6)
FN:152,(anonymous_7)
FN:226,(anonymous_8)
FN:236,(anonymous_9)
FNF:10
FNH:6
FNDA:9,(anonymous_0)
FNDA:6,(anonymous_1)
FNDA:0,(anonymous_2)
FNDA:0,(anonymous_3)
FNDA:2,(anonymous_4)
FNDA:3,(anonymous_5)
FNDA:2,(anonymous_6)
FNDA:4,(anonymous_7)
FNDA:0,(anonymous_8)
FNDA:0,(anonymous_9)
DA:1,1
DA:2,1
DA:3,1
DA:4,1
DA:5,1
DA:12,1
DA:13,1
DA:14,1
DA:45,1
DA:47,9
DA:56,6
DA:58,6
DA:65,0
DA:67,0
DA:68,0
DA:77,2
DA:80,2
DA:81,2
DA:82,2
DA:83,2
DA:86,2
DA:87,0
DA:89,2
DA:92,2
DA:93,2
DA:95,2
DA:103,3
DA:104,3
DA:109,3
DA:111,3
DA:112,3
DA:114,3
DA:115,3
DA:116,3
DA:118,3
DA:119,3
DA:121,3
DA:123,3
DA:131,2
DA:132,2
DA:133,2
DA:136,2
DA:139,2
DA:140,2
DA:141,2
DA:142,2
DA:145,2
DA:148,2
DA:156,4
DA:160,4
DA:164,4
DA:166,4
DA:167,4
DA:169,4
DA:171,0
DA:172,0
DA:173,0
DA:174,0
DA:177,4
DA:179,4
DA:182,4
DA:183,4
DA:185,4
DA:187,4
DA:205,4
DA:208,4
DA:209,4
DA:210,4
DA:212,4
DA:220,4
DA:230,0
DA:240,0
LF:72
LH:62
BRDA:48,0,0,2
BRDA:48,0,1,7
BRDA:59,1,0,6
BRDA:59,1,1,0
BRDA:78,2,0,2
BRDA:78,2,1,0
BRDA:86,3,0,0
BRDA:86,3,1,2
BRDA:137,4,0,2
BRDA:137,4,1,0
BRDA:145,5,0,2
BRDA:145,5,1,2
BRDA:169,6,0,4
BRDA:169,6,1,0
BRF:14
BRH:9
end_of_record
TN:
SF:src\AS2Crypto\ForgeVerify.ts
FN:124,findCertificate
FN:161,findSignerInfo
FN:202,messageDigestFromAsn1
FN:225,verify
FNF:4
FNH:4
FNDA:4,findCertificate
FNDA:4,findSignerInfo
FNDA:4,messageDigestFromAsn1
FNDA:4,verify
DA:1,1
DA:2,1
DA:4,1
DA:27,1
DA:116,1
DA:128,4
DA:130,4
DA:131,4
DA:132,4
DA:134,4
DA:135,0
DA:138,4
DA:139,0
DA:142,4
DA:143,4
DA:144,16
DA:148,0
DA:149,0
DA:153,4
DA:154,4
DA:158,0
DA:162,4
DA:164,4
DA:165,4
DA:166,4
DA:168,4
DA:171,4
DA:173,4
DA:175,4
DA:176,0
DA:179,4
DA:180,0
DA:183,4
DA:184,4
DA:185,16
DA:189,0
DA:190,0
DA:194,4
DA:195,4
DA:199,0
DA:203,4
DA:205,4
DA:206,10
DA:207,10
DA:209,10
DA:211,10
DA:212,4
DA:217,4
DA:221,4
DA:225,1
DA:229,4
DA:230,4
DA:236,4
DA:237,4
DA:239,0
DA:242,4
DA:244,4
DA:245,0
DA:251,4
DA:253,4
DA:254,0
DA:259,4
DA:261,4
DA:262,0
DA:263,4
DA:264,0
DA:267,4
DA:273,4
DA:276,4
DA:278,4
DA:285,4
DA:286,4
DA:287,4
DA:291,4
DA:292,4
DA:294,0
DA:297,4
DA:299,4
DA:300,4
DA:303,4
DA:305,2
DA:309,2
DA:315,2
DA:319,2
DA:327,0
DA:334,4
LF:86
LH:69
BRDA:134,0,0,0
BRDA:134,0,1,4
BRDA:138,1,0,0
BRDA:138,1,1,4
BRDA:144,2,0,0
BRDA:144,2,1,16
BRDA:145,3,0,16
BRDA:145,3,1,16
BRDA:153,4,0,4
BRDA:153,4,1,0
BRDA:175,5,0,0
BRDA:175,5,1,4
BRDA:179,6,0,0
BRDA:179,6,1,4
BRDA:185,7,0,0
BRDA:185,7,1,16
BRDA:186,8,0,16
BRDA:186,8,1,16
BRDA:194,9,0,4
BRDA:194,9,1,0
BRDA:211,10,0,4
BRDA:211,10,1,6
BRDA:236,11,0,4
BRDA:236,11,1,0
BRDA:244,12,0,0
BRDA:244,12,1,4
BRDA:251,13,0,4
BRDA:251,13,1,0
BRDA:253,14,0,0
BRDA:253,14,1,4
BRDA:259,15,0,4
BRDA:259,15,1,0
BRDA:261,16,0,0
BRDA:261,16,1,4
BRDA:263,17,0,0
BRDA:263,17,1,4
BRDA:291,18,0,4
BRDA:291,18,1,0
BRDA:299,19,0,4
BRDA:299,19,1,0
BRDA:303,20,0,2
BRDA:303,20,1,2
BRF:42
BRH:25
end_of_record
TN:
SF:src\AS2Crypto\Interfaces.ts
FNF:0
FNH:0
LF:0
LH:0
BRF:0
BRH:0
end_of_record
TN:
SF:src\AS2Crypto\index.ts
FNF:0
FNH:0
DA:1,1
LF:1
LH:1
BRF:0
BRH:0
end_of_record
TN:
SF:src\AS2Disposition\AS2Disposition.ts
FN:5,getReportNode
FN:20,toNotificationValue
FN:25,(anonymous_2)
FN:63,(anonymous_3)
FN:90,(anonymous_4)
FNF:5
FNH:5
FNDA:2,getReportNode
FNDA:5,toNotificationValue
FNDA:8,(anonymous_2)
FNDA:2,(anonymous_3)
FNDA:1,(anonymous_4)
DA:3,1
DA:5,1
DA:6,2
DA:8,2
DA:12,1
DA:14,1
DA:15,1
DA:20,1
DA:23,5
DA:24,5
DA:25,8
DA:27,5
DA:31,2
DA:32,2
DA:33,3
DA:34,1
DA:36,1
DA:37,1
DA:39,1
DA:40,1
DA:41,1
DA:42,1
DA:43,1
DA:44,1
DA:46,1
DA:47,1
DA:49,1
DA:51,1
DA:52,0
DA:58,1
DA:59,1
DA:62,2
DA:63,2
DA:64,1
DA:65,1
DA:67,1
DA:68,1
DA:70,1
DA:72,1
DA:73,0
DA:74,0
DA:75,0
DA:76,0
DA:77,0
DA:79,0
DA:83,5
DA:85,5
DA:89,1
DA:94,1
DA:97,1
DA:100,1
DA:101,1
DA:103,1
DA:105,1
DA:111,1
LF:55
LH:48
BRDA:6,0,0,0
BRDA:6,0,1,2
BRDA:8,1,0,1
BRDA:8,1,1,1
BRDA:9,2,0,2
BRDA:9,2,1,1
BRDA:14,3,0,1
BRDA:14,3,1,0
BRDA:27,4,0,2
BRDA:27,4,1,3
BRDA:28,5,0,5
BRDA:28,5,1,3
BRDA:33,6,0,1
BRDA:33,6,1,2
BRDA:40,7,0,1
BRDA:40,7,1,0
BRDA:42,8,0,1
BRDA:42,8,1,0
BRDA:46,9,0,1
BRDA:46,9,1,0
BRDA:51,10,0,0
BRDA:51,10,1,1
BRDA:53,11,0,0
BRDA:53,11,1,0
BRDA:58,12,0,1
BRDA:58,12,1,0
BRDA:59,13,0,1
BRDA:59,13,1,1
BRDA:62,14,0,1
BRDA:62,14,1,1
BRDA:70,15,0,1
BRDA:70,15,1,0
BRDA:73,16,0,0
BRDA:73,16,1,0
BRDA:75,17,0,0
BRDA:75,17,1,0
BRDA:79,18,0,0
BRDA:79,18,1,0
BRDA:94,19,0,1
BRDA:94,19,1,0
BRDA:100,20,0,1
BRDA:100,20,1,0
BRF:42
BRH:24
end_of_record
TN:
SF:src\AS2Disposition\Interfaces.ts
FNF:0
FNH:0
LF:0
LH:0
BRF:0
BRH:0
end_of_record
TN:
SF:src\AS2Disposition\index.ts
FNF:0
FNH:0
DA:1,1
LF:1
LH:1
BRF:0
BRH:0
end_of_record
TN:
SF:src\AS2MimeNode\AS2MimeNode.ts
FN:44,(anonymous_0)
FN:132,(anonymous_1)
FN:136,(anonymous_2)
FN:140,(anonymous_3)
FN:144,(anonymous_4)
FN:157,(anonymous_5)
FN:163,(anonymous_6)
FN:169,(anonymous_7)
FN:173,(anonymous_8)
FN:179,(anonymous_9)
FN:204,(anonymous_10)
FNF:11
FNH:10
FNDA:38,(anonymous_0)
FNDA:4,(anonymous_1)
FNDA:6,(anonymous_2)
FNDA:214,(anonymous_3)
FNDA:8,(anonymous_4)
FNDA:4,(anonymous_5)
FNDA:1,(anonymous_6)
FNDA:1,(anonymous_7)
FNDA:3,(anonymous_8)
FNDA:7,(anonymous_9)
FNDA:0,(anonymous_10)
DA:2,1
DA:4,1
DA:10,1
DA:17,1
DA:43,1
DA:56,38
DA:58,38
DA:60,38
DA:61,38
DA:67,38
DA:68,38
DA:69,38
DA:70,38
DA:71,38
DA:72,38
DA:76,0
DA:81,38
DA:82,38
DA:83,38
DA:86,38
DA:87,38
DA:88,38
DA:92,15
DA:93,29
DA:94,29
DA:96,29
DA:97,6
DA:100,29
DA:101,15
DA:106,15
DA:107,9
DA:108,9
DA:110,0
DA:114,15
DA:115,15
DA:116,15
DA:120,38
DA:133,4
DA:137,6
DA:141,214
DA:145,8
DA:148,8
DA:149,0
DA:151,0
DA:154,8
DA:158,4
DA:160,4
DA:164,1
DA:170,1
DA:174,3
DA:176,3
DA:180,7
DA:182,5
DA:183,1
DA:184,1
DA:186,1
DA:189,4
DA:190,1
DA:192,1
DA:195,3
DA:196,0
DA:198,0
DA:201,3
DA:205,0
DA:208,0
DA:210,0
LF:66
LH:57
BRDA:62,0,0,15
BRDA:62,0,1,23
BRDA:64,1,0,0
BRDA:64,1,1,23
BRDA:67,2,0,24
BRDA:67,2,1,14
BRDA:68,3,0,23
BRDA:68,3,1,15
BRDA:69,4,0,2
BRDA:69,4,1,36
BRDA:70,5,0,4
BRDA:70,5,1,34
BRDA:71,6,0,0
BRDA:71,6,1,38
BRDA:72,7,0,0
BRDA:72,7,1,38
BRDA:73,8,0,38
BRDA:73,8,1,0
BRDA:78,9,0,0
BRDA:78,9,1,0
BRDA:81,10,0,38
BRDA:81,10,1,0
BRDA:88,11,0,15
BRDA:88,11,1,23
BRDA:96,12,0,6
BRDA:96,12,1,23
BRDA:100,13,0,15
BRDA:100,13,1,14
BRDA:106,14,0,9
BRDA:106,14,1,6
BRDA:106,15,0,15
BRDA:106,15,1,6
BRDA:107,16,0,9
BRDA:107,16,1,0
BRDA:114,17,0,9
BRDA:114,17,1,6
BRDA:115,18,0,6
BRDA:115,18,1,9
BRDA:116,19,0,0
BRDA:116,19,1,15
BRDA:144,20,0,8
BRDA:148,21,0,0
BRDA:148,21,1,8
BRDA:148,22,0,8
BRDA:148,22,1,6
BRDA:158,23,0,2
BRDA:158,23,1,2
BRDA:165,24,0,1
BRDA:165,24,1,0
BRDA:174,25,0,2
BRDA:174,25,1,1
BRDA:180,26,0,2
BRDA:180,26,1,5
BRDA:180,27,0,7
BRDA:180,27,1,2
BRDA:182,28,0,1
BRDA:182,28,1,4
BRDA:182,29,0,5
BRDA:182,29,1,2
BRDA:189,30,0,1
BRDA:189,30,1,3
BRDA:195,31,0,0
BRDA:195,31,1,3
BRDA:206,32,0,0
BRDA:206,32,1,0
BRDA:208,33,0,0
BRDA:208,33,1,0
BRDA:208,34,0,0
BRDA:208,34,1,0
BRF:69
BRH:51
end_of_record
TN:
SF:src\AS2MimeNode\Interfaces.ts
FNF:0
FNH:0
LF:0
LH:0
BRF:0
BRH:0
end_of_record
TN:
SF:src\AS2MimeNode\index.ts
FNF:0
FNH:0
DA:1,1
LF:1
LH:1
BRF:0
BRH:0
end_of_record
TN:
SF:src\AS2Parser\AS2Parser.ts
FN:9,(anonymous_0)
FN:13,(anonymous_1)
FN:14,(anonymous_2)
FN:18,(anonymous_3)
FN:19,(anonymous_4)
FN:20,(anonymous_5)
FN:27,(anonymous_6)
FN:42,(anonymous_7)
FN:87,(anonymous_8)
FNF:9
FNH:8
FNDA:25,(anonymous_0)
FNDA:1,(anonymous_1)
FNDA:1,(anonymous_2)
FNDA:1,(anonymous_3)
FNDA:0,(anonymous_4)
FNDA:1,(anonymous_5)
FNDA:23,(anonymous_6)
FNDA:23,(anonymous_7)
FNDA:9,(anonymous_8)
DA:1,1
DA:3,1
DA:5,1
DA:8,1
DA:10,25
DA:14,1
DA:15,1
DA:16,1
DA:18,1
DA:19,1
DA:20,1
DA:22,0
DA:28,23
DA:30,23
DA:31,102
DA:32,102
DA:39,23
DA:47,23
DA:65,23
DA:67,23
DA:68,23
DA:69,23
DA:73,23
DA:74,23
DA:76,23
DA:77,23
DA:78,14
DA:80,14
DA:84,23
DA:88,9
DA:89,1
DA:90,9
DA:91,9
DA:93,9
LF:34
LH:33
BRDA:10,0,0,25
BRDA:10,0,1,24
BRDA:50,1,0,13
BRDA:50,1,1,10
BRDA:56,2,0,7
BRDA:56,2,1,16
BRDA:55,3,0,23
BRDA:55,3,1,16
BRDA:60,4,0,16
BRDA:60,4,1,7
BRDA:65,5,0,9
BRDA:65,5,1,14
BRDA:71,6,0,23
BRDA:71,6,1,0
BRDA:76,7,0,23
BRDA:76,7,1,0
BRDA:88,8,0,1
BRDA:88,8,1,8
BRF:18
BRH:16
end_of_record
TN:
SF:src\AS2Parser\index.ts
FNF:0
FNH:0
DA:1,1
LF:1
LH:1
BRF:0
BRH:0
end_of_record
